<?xml version="1.0" encoding="UTF-8"?>
<testng-results ignored="0" total="1" passed="1" failed="0" skipped="0">
  <reporter-output>
  </reporter-output>
  <suite started-at="2025-11-14T18:59:17 IST" name="Surefire suite" finished-at="2025-11-14T18:59:23 IST" duration-ms="6342">
    <groups>
    </groups>
    <test started-at="2025-11-14T18:59:17 IST" name="Surefire test" finished-at="2025-11-14T18:59:23 IST" duration-ms="6342">
      <class name="com.example.UserLoginTest">
        <test-method is-config="true" signature="setupClass()[pri:0, instance:com.example.UserLoginTest@647fd8ce]" started-at="2025-11-14T18:59:17 IST" name="setupClass" finished-at="2025-11-14T18:59:17 IST" duration-ms="11" status="PASS">
          <reporter-output>
          </reporter-output>
        </test-method> <!-- setupClass -->
        <test-method is-config="true" signature="setupTest()[pri:0, instance:com.example.UserLoginTest@647fd8ce]" started-at="2025-11-14T18:59:17 IST" name="setupTest" finished-at="2025-11-14T18:59:19 IST" duration-ms="2077" status="PASS">
          <reporter-output>
          </reporter-output>
        </test-method> <!-- setupTest -->
        <test-method signature="loginAndTakeScreenshot()[pri:0, instance:com.example.UserLoginTest@647fd8ce]" started-at="2025-11-14T18:59:19 IST" name="loginAndTakeScreenshot" finished-at="2025-11-14T18:59:23 IST" duration-ms="3871" status="PASS">
          <reporter-output>
          </reporter-output>
        </test-method> <!-- loginAndTakeScreenshot -->
        <test-method is-config="true" signature="tearDown()[pri:0, instance:com.example.UserLoginTest@647fd8ce]" started-at="2025-11-14T18:59:23 IST" name="tearDown" finished-at="2025-11-14T18:59:23 IST" duration-ms="349" status="PASS">
          <reporter-output>
          </reporter-output>
        </test-method> <!-- tearDown -->
      </class> <!-- com.example.UserLoginTest -->
    </test> <!-- Surefire test -->
  </suite> <!-- Surefire suite -->
</testng-results>
