<?xml version="1.0" encoding="UTF-8"?>
<testng-results ignored="0" total="4" passed="4" failed="0" skipped="0">
  <reporter-output>
  </reporter-output>
  <suite started-at="2025-11-14T01:02:53 IST" name="Surefire suite" finished-at="2025-11-14T01:02:53 IST" duration-ms="108">
    <groups>
    </groups>
    <test started-at="2025-11-14T01:02:53 IST" name="Surefire test" finished-at="2025-11-14T01:02:53 IST" duration-ms="108">
      <class name="com.example.CalculatorTest">
        <test-method signature="testAdd()[pri:0, instance:com.example.CalculatorTest@35083305]" started-at="2025-11-14T01:02:53 IST" name="testAdd" finished-at="2025-11-14T01:02:53 IST" duration-ms="19" status="PASS">
          <reporter-output>
          </reporter-output>
        </test-method> <!-- testAdd -->
        <test-method signature="testDivideByZero()[pri:0, instance:com.example.CalculatorTest@35083305]" started-at="2025-11-14T01:02:53 IST" name="testDivideByZero" finished-at="2025-11-14T01:02:53 IST" duration-ms="2" status="PASS">
          <reporter-output>
          </reporter-output>
        </test-method> <!-- testDivideByZero -->
        <test-method signature="testMultiply()[pri:0, instance:com.example.CalculatorTest@35083305]" started-at="2025-11-14T01:02:53 IST" name="testMultiply" finished-at="2025-11-14T01:02:53 IST" duration-ms="0" status="PASS">
          <reporter-output>
          </reporter-output>
        </test-method> <!-- testMultiply -->
        <test-method signature="testSubtract()[pri:0, instance:com.example.CalculatorTest@35083305]" started-at="2025-11-14T01:02:53 IST" name="testSubtract" finished-at="2025-11-14T01:02:53 IST" duration-ms="0" status="PASS">
          <reporter-output>
          </reporter-output>
        </test-method> <!-- testSubtract -->
      </class> <!-- com.example.CalculatorTest -->
    </test> <!-- Surefire test -->
  </suite> <!-- Surefire suite -->
</testng-results>
