<?xml version="1.0" encoding="UTF-8"?>
<testng-results ignored="0" total="2" passed="2" failed="0" skipped="0">
  <reporter-output>
  </reporter-output>
  <suite started-at="2025-11-13T13:21:17 IST" name="Surefire suite" finished-at="2025-11-13T13:21:17 IST" duration-ms="56">
    <groups>
    </groups>
    <test started-at="2025-11-13T13:21:17 IST" name="Surefire test" finished-at="2025-11-13T13:21:17 IST" duration-ms="56">
      <class name="com.example.CalculatorTest">
        <test-method signature="testAdd()[pri:0, instance:com.example.CalculatorTest@534df152]" started-at="2025-11-13T13:21:17 IST" name="testAdd" finished-at="2025-11-13T13:21:17 IST" duration-ms="8" status="PASS">
          <reporter-output>
          </reporter-output>
        </test-method> <!-- testAdd -->
        <test-method signature="testSubtract()[pri:0, instance:com.example.CalculatorTest@534df152]" started-at="2025-11-13T13:21:17 IST" name="testSubtract" finished-at="2025-11-13T13:21:17 IST" duration-ms="1" status="PASS">
          <reporter-output>
          </reporter-output>
        </test-method> <!-- testSubtract -->
      </class> <!-- com.example.CalculatorTest -->
    </test> <!-- Surefire test -->
  </suite> <!-- Surefire suite -->
</testng-results>
