<?xml version="1.0" encoding="UTF-8"?>
<!-- Generated by org.testng.reporters.JUnitXMLReporter -->
<testsuite ignored="0" hostname="rahudas-DRMFMN3" failures="0" tests="3" name="Surefire test" time="0.13" errors="0" timestamp="2025-11-13T13:53:18 IST">
  <testcase classname="com.example.CalculatorTest" name="testAdd" time="0.016"/>
  <testcase classname="com.example.CalculatorTest" name="testMultiply" time="0.001"/>
  <testcase classname="com.example.CalculatorTest" name="testSubtract" time="0.001"/>
</testsuite> <!-- Surefire test -->
