<?xml version="1.0" encoding="UTF-8"?>
<!-- Generated by org.testng.reporters.JUnitXMLReporter -->
<testsuite ignored="0" hostname="rahudas-DRMFMN3" failures="0" tests="4" name="Surefire test" time="0.108" errors="0" timestamp="2025-11-14T01:02:53 IST">
  <testcase classname="com.example.CalculatorTest" name="testAdd" time="0.019"/>
  <testcase classname="com.example.CalculatorTest" name="testDivideByZero" time="0.002"/>
  <testcase classname="com.example.CalculatorTest" name="testMultiply" time="0.0"/>
  <testcase classname="com.example.CalculatorTest" name="testSubtract" time="0.0"/>
</testsuite> <!-- Surefire test -->
