<?xml version="1.0" encoding="UTF-8"?>
<testng-results ignored="0" total="2" passed="2" failed="0" skipped="0">
  <reporter-output>
  </reporter-output>
  <suite started-at="2025-11-14T19:38:35 IST" name="Surefire suite" finished-at="2025-11-14T19:38:44 IST" duration-ms="8775">
    <groups>
    </groups>
    <test started-at="2025-11-14T19:38:35 IST" name="Surefire test" finished-at="2025-11-14T19:38:44 IST" duration-ms="8775">
      <class name="com.example.UserLoginTest">
        <test-method is-config="true" signature="setUp()[pri:0, instance:com.example.UserLoginTest@4445629]" started-at="2025-11-14T19:38:35 IST" name="setUp" finished-at="2025-11-14T19:38:38 IST" duration-ms="2931" status="PASS">
          <reporter-output>
          </reporter-output>
        </test-method> <!-- setUp -->
        <test-method signature="testProblemUserLoginAndScreenshot()[pri:0, instance:com.example.UserLoginTest@4445629]" started-at="2025-11-14T19:38:38 IST" name="testProblemUserLoginAndScreenshot" finished-at="2025-11-14T19:38:42 IST" duration-ms="4035" status="PASS">
          <reporter-output>
          </reporter-output>
        </test-method> <!-- testProblemUserLoginAndScreenshot -->
        <test-method signature="testUserLoginAndScreenshot()[pri:0, instance:com.example.UserLoginTest@4445629]" started-at="2025-11-14T19:38:42 IST" name="testUserLoginAndScreenshot" finished-at="2025-11-14T19:38:43 IST" duration-ms="1055" status="PASS">
          <reporter-output>
          </reporter-output>
        </test-method> <!-- testUserLoginAndScreenshot -->
        <test-method is-config="true" signature="tearDown()[pri:0, instance:com.example.UserLoginTest@4445629]" started-at="2025-11-14T19:38:43 IST" name="tearDown" finished-at="2025-11-14T19:38:44 IST" duration-ms="675" status="PASS">
          <reporter-output>
          </reporter-output>
        </test-method> <!-- tearDown -->
      </class> <!-- com.example.UserLoginTest -->
    </test> <!-- Surefire test -->
  </suite> <!-- Surefire suite -->
</testng-results>
