<?xml version="1.0" encoding="UTF-8"?>
<!-- Generated by org.testng.reporters.JUnitReportReporter -->
<testsuite hostname="rahudas-DRMFMN3" failures="0" tests="4" name="com.example.CalculatorTest" time="0.021" errors="0" timestamp="2025-11-14T01:02:53 IST" skipped="0">
  <testcase classname="com.example.CalculatorTest" name="testAdd" time="0.019"/>
  <testcase classname="com.example.CalculatorTest" name="testMultiply" time="0.000"/>
  <testcase classname="com.example.CalculatorTest" name="testSubtract" time="0.000"/>
  <testcase classname="com.example.CalculatorTest" name="testDivideByZero" time="0.002"/>
</testsuite> <!-- com.example.CalculatorTest -->
