<?xml version="1.0" encoding="UTF-8"?>
<!-- Generated by org.testng.reporters.JUnitReportReporter -->
<testsuite hostname="rahudas-DRMFMN3" failures="0" tests="2" name="com.example.UserLoginTest" time="5.090" errors="0" timestamp="2025-11-14T19:38:44 IST" skipped="0">
  <testcase classname="com.example.UserLoginTest" name="testUserLoginAndScreenshot" time="1.055"/>
  <testcase classname="com.example.UserLoginTest" name="testProblemUserLoginAndScreenshot" time="4.035"/>
</testsuite> <!-- com.example.UserLoginTest -->
